<?xml version="1.0" encoding="UTF-8"?>
<!-- Generated by org.testng.reporters.JUnitReportReporter -->
<testsuite hostname="LAPTOP-NRFVHA71" failures="0" tests="2" name="testCases.TC001_AccountRegistrationTest" time="2.434" errors="1" timestamp="2026-03-01T22:58:29 IST" skipped="1">
  <testcase classname="testCases.TC001_AccountRegistrationTest" name="verify_account_registration" time="0.000">
    <skipped/>
  </testcase> <!-- verify_account_registration -->
  <testcase classname="testCases.TC001_AccountRegistrationTest" name="setup" time="2.434">
    <error type="java.lang.NullPointerException">
      <![CDATA[java.lang.NullPointerException
at java.base/java.util.Objects.requireNonNull(Objects.java:220)
at java.base/java.util.ImmutableCollections$Map1.<init>(ImmutableCollections.java:1114)
at java.base/java.util.Map.of(Map.java:1364)
at org.openqa.selenium.remote.DriverCommand.GET(DriverCommand.java:251)
at org.openqa.selenium.remote.RemoteWebDriver.get(RemoteWebDriver.java:372)
at testBase.BaseClass.setup(BaseClass.java:95)
at java.base/jdk.internal.reflect.DirectMethodHandleAccessor.invoke(DirectMethodHandleAccessor.java:103)
at java.base/java.lang.reflect.Method.invoke(Method.java:580)
at org.testng.internal.invokers.MethodInvocationHelper.invokeMethod(MethodInvocationHelper.java:141)
at org.testng.internal.invokers.MethodInvocationHelper.invokeMethodConsideringTimeout(MethodInvocationHelper.java:71)
at org.testng.internal.invokers.ConfigInvoker.invokeConfigurationMethod(ConfigInvoker.java:400)
at org.testng.internal.invokers.ConfigInvoker.invokeConfigurations(ConfigInvoker.java:333)
at org.testng.internal.invokers.TestMethodWorker.invokeBeforeClassMethods(TestMethodWorker.java:188)
at org.testng.internal.invokers.TestMethodWorker.run(TestMethodWorker.java:128)
at java.base/java.util.concurrent.Executors$RunnableAdapter.call(Executors.java:572)
at java.base/java.util.concurrent.FutureTask.run(FutureTask.java:317)
at org.testng.internal.thread.graph.TestNGFutureTask.run(TestNGFutureTask.java:22)
at java.base/java.util.concurrent.ThreadPoolExecutor.runWorker(ThreadPoolExecutor.java:1144)
at java.base/java.util.concurrent.ThreadPoolExecutor$Worker.run(ThreadPoolExecutor.java:642)
at java.base/java.lang.Thread.run(Thread.java:1575)
]]>
    </error>
  </testcase> <!-- setup -->
</testsuite> <!-- testCases.TC001_AccountRegistrationTest -->
