<?xml version="1.0" encoding="UTF-8"?>
<!-- Generated by org.testng.reporters.JUnitReportReporter -->
<testsuite hostname="LAPTOP-NRFVHA71" failures="0" tests="2" name="VeevaAssignment.AutomationTest_3.Test_3" time="14.075" errors="0" timestamp="2026-02-23T11:57:43 IST" skipped="0">
  <testcase classname="VeevaAssignment.AutomationTest_3.Test_3" name="openGoogle" time="7.351"/>
  <testcase classname="VeevaAssignment.AutomationTest_3.Test_3" name="openGoogle" time="6.724"/>
</testsuite> <!-- VeevaAssignment.AutomationTest_3.Test_3 -->
