<?xml version="1.0" encoding="UTF-8"?>
<!-- Generated by org.testng.reporters.JUnitXMLReporter -->
<testsuite ignored="8" hostname="LAPTOP-NRFVHA71" failures="0" tests="2" name="groupingtests" time="0.106" errors="0" timestamp="2026-02-20T10:37:09 IST">
  <testcase classname="StartingWithTestNG.Dependencies.PaymentTests" name="inRupees" time="0.017"/>
  <testcase classname="StartingWithTestNG.Dependencies.PaymentTests" name="inDollars" time="0.004"/>
  <testcase classname="StartingWithTestNG.Dependencies.SighupTests" name="byEmail" time="0.0">
    <ignored/>
  </testcase> <!-- byEmail -->
  <testcase classname="StartingWithTestNG.Dependencies.LoginTests" name="loginByFb" time="0.0">
    <ignored/>
  </testcase> <!-- loginByFb -->
  <testcase classname="StartingWithTestNG.Dependencies.SighupTests" name="byGoogle" time="0.0">
    <ignored/>
  </testcase> <!-- byGoogle -->
  <testcase classname="StartingWithTestNG.Dependencies.SighupTests" name="byFb" time="0.0">
    <ignored/>
  </testcase> <!-- byFb -->
  <testcase classname="StartingWithTestNG.Dependencies.LoginTests" name="loginByEmail" time="0.0">
    <ignored/>
  </testcase> <!-- loginByEmail -->
  <testcase classname="StartingWithTestNG.Dependencies.LoginTests" name="loginByGoogle" time="0.0">
    <ignored/>
  </testcase> <!-- loginByGoogle -->
  <testcase classname="StartingWithTestNG.Dependencies.SighupTests" name="byTwitter" time="0.0">
    <ignored/>
  </testcase> <!-- byTwitter -->
  <testcase classname="StartingWithTestNG.Dependencies.LoginTests" name="loginByTwitter" time="0.0">
    <ignored/>
  </testcase> <!-- loginByTwitter -->
</testsuite> <!-- groupingtests -->
