<?xml version="1.0" encoding="UTF-8"?>
<!-- Generated by org.testng.reporters.JUnitReportReporter -->
<testsuite hostname="LAPTOP-NRFVHA71" failures="0" tests="2" name="VeevaAssignment.AutomationTest_3.Test_2" time="9.458" errors="0" timestamp="2026-02-23T14:47:15 IST" skipped="0">
  <testcase classname="VeevaAssignment.AutomationTest_3.Test_2" name="openGoogle" time="4.069"/>
  <testcase classname="VeevaAssignment.AutomationTest_3.Test_2" name="openGoogle" time="5.389"/>
</testsuite> <!-- VeevaAssignment.AutomationTest_3.Test_2 -->
