<?xml version="1.0" encoding="UTF-8"?>
<testng-results ignored="0" total="1" passed="1" failed="0" skipped="0">
  <reporter-output>
  </reporter-output>
  <suite started-at="2026-04-08T16:52:48 IST" name="Default suite" finished-at="2026-04-08T16:52:51 IST" duration-ms="3633">
    <groups>
    </groups>
    <test started-at="2026-04-08T16:52:48 IST" name="Default test" finished-at="2026-04-08T16:52:51 IST" duration-ms="3633">
      <class name="com.api.test.LoginApiTest">
        <test-method signature="testLogin()[pri:0, instance:com.api.test.LoginApiTest@25e2ab5a]" started-at="2026-04-08T16:52:48 IST" name="testLogin" finished-at="2026-04-08T16:52:51 IST" duration-ms="3552" status="PASS">
          <reporter-output>
          </reporter-output>
        </test-method> <!-- testLogin -->
      </class> <!-- com.api.test.LoginApiTest -->
    </test> <!-- Default test -->
  </suite> <!-- Default suite -->
</testng-results>
