<?xml version="1.0" encoding="UTF-8"?>
<!-- Generated by org.testng.reporters.JUnitReportReporter -->
<testsuite hostname="LAPTOP-NRFVHA71" failures="0" tests="2" name="StartingWithTestNG.Annotations.AllAnnotations" time="0.020" errors="0" timestamp="2026-02-19T11:07:29 IST" skipped="0">
  <testcase classname="StartingWithTestNG.Annotations.AllAnnotations" name="test1" time="0.011"/>
  <testcase classname="StartingWithTestNG.Annotations.AllAnnotations" name="test2" time="0.009"/>
</testsuite> <!-- StartingWithTestNG.Annotations.AllAnnotations -->
