<?xml version="1.0" encoding="UTF-8"?>
<!-- Generated by org.testng.reporters.JUnitReportReporter -->
<testsuite hostname="LAPTOP-NRFVHA71" failures="0" tests="2" name="StartingWithTestNG.Annotations.DemoAnnotations2" time="0.021" errors="0" timestamp="2026-02-19T10:01:14 IST" skipped="0">
  <testcase classname="StartingWithTestNG.Annotations.DemoAnnotations2" name="search" time="0.019"/>
  <testcase classname="StartingWithTestNG.Annotations.DemoAnnotations2" name="advSearch" time="0.002"/>
</testsuite> <!-- StartingWithTestNG.Annotations.DemoAnnotations2 -->
