<?xml version="1.0" encoding="UTF-8"?>
<!-- Generated by org.testng.reporters.JUnitReportReporter -->
<testsuite hostname="LAPTOP-NRFVHA71" failures="0" tests="4" name="StartingWithTestNG.Annotations.pack.C1" time="0.015" errors="0" timestamp="2026-02-19T10:59:12 IST" skipped="0">
  <testcase classname="StartingWithTestNG.Annotations.pack.C1" name="check2" time="0.002"/>
  <testcase classname="StartingWithTestNG.Annotations.pack.C1" name="check1" time="0.002"/>
  <testcase classname="StartingWithTestNG.Annotations.pack.C1" name="check1" time="0.010"/>
  <testcase classname="StartingWithTestNG.Annotations.pack.C1" name="check2" time="0.001"/>
</testsuite> <!-- StartingWithTestNG.Annotations.pack.C1 -->
