<?xml version="1.0" encoding="UTF-8"?>
<!-- Generated by org.testng.reporters.JUnitReportReporter -->
<testsuite hostname="LAPTOP-NRFVHA71" failures="0" tests="3" name="StartingWithTestNG.SampleTestNG" time="0.006" errors="0" timestamp="2026-02-18T10:48:15 IST" skipped="0">
  <testcase classname="StartingWithTestNG.SampleTestNG" name="openApp" time="0.002"/>
  <testcase classname="StartingWithTestNG.SampleTestNG" name="login" time="0.002"/>
  <testcase classname="StartingWithTestNG.SampleTestNG" name="logout" time="0.002"/>
</testsuite> <!-- StartingWithTestNG.SampleTestNG -->
