<?xml version="1.0" encoding="UTF-8"?>
<!-- Generated by org.testng.reporters.JUnitReportReporter -->
<testsuite hostname="LAPTOP-NRFVHA71" failures="0" tests="4" name="StartingWithTestNG.OrangeHRMTest" time="9.849" errors="0" timestamp="2026-02-18T10:48:15 IST" skipped="0">
  <testcase classname="StartingWithTestNG.OrangeHRMTest" name="openApp" time="8.536"/>
  <testcase classname="StartingWithTestNG.OrangeHRMTest" name="findLogo" time="0.746"/>
  <testcase classname="StartingWithTestNG.OrangeHRMTest" name="login" time="0.286"/>
  <testcase classname="StartingWithTestNG.OrangeHRMTest" name="logout" time="0.281"/>
</testsuite> <!-- StartingWithTestNG.OrangeHRMTest -->
