<?xml version="1.0" encoding="UTF-8"?>
<!-- Generated by org.testng.reporters.JUnitReportReporter -->
<testsuite hostname="LAPTOP-NRFVHA71" failures="0" tests="2" name="StartingWithTestNG.Annotations.pack.C2" time="0.007" errors="0" timestamp="2026-02-19T10:59:12 IST" skipped="0">
  <testcase classname="StartingWithTestNG.Annotations.pack.C2" name="check" time="0.004"/>
  <testcase classname="StartingWithTestNG.Annotations.pack.C2" name="check" time="0.003"/>
</testsuite> <!-- StartingWithTestNG.Annotations.pack.C2 -->
