<?xml version="1.0" encoding="UTF-8"?>
<!-- Generated by org.testng.reporters.JUnitReportReporter -->
<testsuite hostname="LAPTOP-NRFVHA71" failures="0" tests="4" name="StartingWithTestNG.Dependencies.LoginTests" time="0.027" errors="0" timestamp="2026-02-20T10:34:54 IST" skipped="0">
  <testcase classname="StartingWithTestNG.Dependencies.LoginTests" name="loginByEmail" time="0.020"/>
  <testcase classname="StartingWithTestNG.Dependencies.LoginTests" name="loginByFb" time="0.003"/>
  <testcase classname="StartingWithTestNG.Dependencies.LoginTests" name="loginByGoogle" time="0.003"/>
  <testcase classname="StartingWithTestNG.Dependencies.LoginTests" name="loginByTwitter" time="0.001"/>
</testsuite> <!-- StartingWithTestNG.Dependencies.LoginTests -->
