<?xml version="1.0" encoding="UTF-8"?>
<!-- Generated by org.testng.reporters.JUnitReportReporter -->
<testsuite hostname="LAPTOP-NRFVHA71" failures="0" tests="4" name="StartingWithTestNG.Dependencies.SighupTests" time="0.009" errors="0" timestamp="2026-02-20T10:34:39 IST" skipped="0">
  <testcase classname="StartingWithTestNG.Dependencies.SighupTests" name="byEmail" time="0.002"/>
  <testcase classname="StartingWithTestNG.Dependencies.SighupTests" name="byFb" time="0.002"/>
  <testcase classname="StartingWithTestNG.Dependencies.SighupTests" name="byGoogle" time="0.003"/>
  <testcase classname="StartingWithTestNG.Dependencies.SighupTests" name="byTwitter" time="0.002"/>
</testsuite> <!-- StartingWithTestNG.Dependencies.SighupTests -->
