<?xml version="1.0" encoding="UTF-8"?>
<!-- Generated by org.testng.reporters.JUnitReportReporter -->
<testsuite hostname="LAPTOP-NRFVHA71" failures="0" tests="2" name="StartingWithTestNG.Dependencies.PaymentTests" time="0.021" errors="0" timestamp="2026-02-20T10:37:09 IST" skipped="0">
  <testcase classname="StartingWithTestNG.Dependencies.PaymentTests" name="inRupees" time="0.017"/>
  <testcase classname="StartingWithTestNG.Dependencies.PaymentTests" name="inDollars" time="0.004"/>
</testsuite> <!-- StartingWithTestNG.Dependencies.PaymentTests -->
