<?xml version="1.0" encoding="UTF-8"?>
<!-- Generated by org.testng.reporters.JUnitReportReporter -->
<testsuite hostname="LAPTOP-NRFVHA71" failures="0" tests="2" name="StartingWithTestNG.Annotations.DemoAnnotations" time="0.038" errors="0" timestamp="2026-02-19T09:54:23 IST" skipped="0">
  <testcase classname="StartingWithTestNG.Annotations.DemoAnnotations" name="search" time="0.032"/>
  <testcase classname="StartingWithTestNG.Annotations.DemoAnnotations" name="advSearch" time="0.006"/>
</testsuite> <!-- StartingWithTestNG.Annotations.DemoAnnotations -->
