<?xml version="1.0" encoding="UTF-8"?>
<!-- Generated by org.testng.reporters.JUnitXMLReporter -->
<testsuite ignored="0" hostname="LAPTOP-NRFVHA71" failures="0" tests="3" name="edgeTest" time="18.26" errors="0" timestamp="2026-02-20T16:36:07 IST">
  <testcase classname="StartingWithTestNG.DataProviderandPrallelTesting.ParamTest" name="testLogo" time="5.058"/>
  <testcase classname="StartingWithTestNG.DataProviderandPrallelTesting.ParamTest" name="testTitle" time="5.027"/>
  <testcase classname="StartingWithTestNG.DataProviderandPrallelTesting.ParamTest" name="testUrl" time="0.012"/>
</testsuite> <!-- edgeTest -->
