<?xml version="1.0" encoding="UTF-8"?>
<!-- Generated by org.testng.reporters.JUnitXMLReporter -->
<testsuite ignored="0" hostname="LAPTOP-NRFVHA71" failures="0" tests="1" name="Testchrome" time="2.471" errors="0" timestamp="2026-03-01T22:58:29 IST">
  <testcase classname="testBase.BaseClass" name="@BeforeClass setup" time="2.434">
    <failure type="java.lang.NullPointerException">
      <![CDATA[java.lang.NullPointerException
at java.base/java.util.Objects.requireNonNull(Objects.java:220)
at java.base/java.util.ImmutableCollections$Map1.<init>(ImmutableCollections.java:1114)
at java.base/java.util.Map.of(Map.java:1364)
at org.openqa.selenium.remote.DriverCommand.GET(DriverCommand.java:251)
at org.openqa.selenium.remote.RemoteWebDriver.get(RemoteWebDriver.java:372)
at testBase.BaseClass.setup(BaseClass.java:95)
at java.base/java.util.concurrent.Executors$RunnableAdapter.call(Executors.java:572)
at java.base/java.util.concurrent.FutureTask.run(FutureTask.java:317)
at java.base/java.util.concurrent.ThreadPoolExecutor.runWorker(ThreadPoolExecutor.java:1144)
at java.base/java.util.concurrent.ThreadPoolExecutor$Worker.run(ThreadPoolExecutor.java:642)
at java.base/java.lang.Thread.run(Thread.java:1575)
... Removed 9 stack frames]]>
    </failure>
  </testcase> <!-- @BeforeClass setup -->
  <testcase classname="testBase.BaseClass" name="@AfterClass tearDown" time="0.0">
    <skipped/>
  </testcase> <!-- @AfterClass tearDown -->
  <testcase classname="testCases.TC001_AccountRegistrationTest" name="verify_account_registration" time="0.0">
    <skipped/>
  </testcase> <!-- verify_account_registration -->
</testsuite> <!-- Testchrome -->
