<?xml version="1.0" encoding="UTF-8"?>
<!-- Generated by org.testng.reporters.JUnitXMLReporter -->
<testsuite ignored="0" hostname="LAPTOP-NRFVHA71" failures="2" tests="4" name="TestDDT_login" time="20.341" errors="0" timestamp="2026-02-26T01:05:48 IST">
  <testcase classname="testCases.TC_003_LoginDDT" name="verify_LoginDDT" time="11.377">
    <failure type="java.lang.AssertionError" message="null">
      <![CDATA[java.lang.AssertionError: null
at testCases.TC_003_LoginDDT.verify_LoginDDT(TC_003_LoginDDT.java:75)
at java.base/java.util.ArrayList.forEach(ArrayList.java:1597)
... Removed 27 stack frames]]>
    </failure>
  </testcase> <!-- verify_LoginDDT -->
  <testcase classname="testCases.TC_003_LoginDDT" name="verify_LoginDDT" time="2.024"/>
  <testcase classname="testCases.TC_003_LoginDDT" name="verify_LoginDDT" time="1.918">
    <failure type="java.lang.AssertionError" message="null">
      <![CDATA[java.lang.AssertionError: null
at testCases.TC_003_LoginDDT.verify_LoginDDT(TC_003_LoginDDT.java:68)
at java.base/java.util.ArrayList.forEach(ArrayList.java:1597)
... Removed 27 stack frames]]>
    </failure>
  </testcase> <!-- verify_LoginDDT -->
  <testcase classname="testCases.TC_003_LoginDDT" name="verify_LoginDDT" time="1.931"/>
</testsuite> <!-- TestDDT_login -->
