<?xml version="1.0" encoding="UTF-8"?>
<testng-results ignored="0" total="2" passed="2" failed="0" skipped="0">
  <reporter-output>
  </reporter-output>
  <suite started-at="2026-02-23T14:47:05 IST" name="CrossBrowserSuite" finished-at="2026-02-23T14:47:15 IST" duration-ms="9605">
    <groups>
    </groups>
    <test started-at="2026-02-23T14:47:05 IST" name="BrowserTest-1" finished-at="2026-02-23T14:47:09 IST" duration-ms="4125">
      <class name="VeevaAssignment.AutomationTest_3.Test_2">
        <test-method is-config="true" signature="setup(java.lang.String)[pri:0, instance:VeevaAssignment.AutomationTest_3.Test_2@9d5509a]" started-at="2026-02-23T14:47:05 IST" name="setup" finished-at="2026-02-23T14:47:07 IST" duration-ms="1358" status="PASS">
          <params>
            <param index="0">
              <value>
                <![CDATA[chrome]]>
              </value>
            </param>
          </params>
          <reporter-output>
          </reporter-output>
        </test-method> <!-- setup -->
        <test-method signature="openGoogle()[pri:0, instance:VeevaAssignment.AutomationTest_3.Test_2@9d5509a]" started-at="2026-02-23T14:47:07 IST" name="openGoogle" finished-at="2026-02-23T14:47:09 IST" duration-ms="2473" status="PASS">
          <reporter-output>
          </reporter-output>
        </test-method> <!-- openGoogle -->
        <test-method is-config="true" signature="tearDown()[pri:0, instance:VeevaAssignment.AutomationTest_3.Test_2@9d5509a]" started-at="2026-02-23T14:47:09 IST" name="tearDown" finished-at="2026-02-23T14:47:09 IST" duration-ms="238" status="PASS">
          <reporter-output>
          </reporter-output>
        </test-method> <!-- tearDown -->
      </class> <!-- VeevaAssignment.AutomationTest_3.Test_2 -->
    </test> <!-- BrowserTest-1 -->
    <test started-at="2026-02-23T14:47:09 IST" name="BrowserTest-2" finished-at="2026-02-23T14:47:15 IST" duration-ms="5396">
      <class name="VeevaAssignment.AutomationTest_3.Test_2">
        <test-method is-config="true" signature="setup(java.lang.String)[pri:0, instance:VeevaAssignment.AutomationTest_3.Test_2@e4487af]" started-at="2026-02-23T14:47:09 IST" name="setup" finished-at="2026-02-23T14:47:12 IST" duration-ms="2326" status="PASS">
          <params>
            <param index="0">
              <value>
                <![CDATA[edge]]>
              </value>
            </param>
          </params>
          <reporter-output>
          </reporter-output>
        </test-method> <!-- setup -->
        <test-method signature="openGoogle()[pri:0, instance:VeevaAssignment.AutomationTest_3.Test_2@e4487af]" started-at="2026-02-23T14:47:12 IST" name="openGoogle" finished-at="2026-02-23T14:47:14 IST" duration-ms="2770" status="PASS">
          <reporter-output>
          </reporter-output>
        </test-method> <!-- openGoogle -->
        <test-method is-config="true" signature="tearDown()[pri:0, instance:VeevaAssignment.AutomationTest_3.Test_2@e4487af]" started-at="2026-02-23T14:47:14 IST" name="tearDown" finished-at="2026-02-23T14:47:15 IST" duration-ms="293" status="PASS">
          <reporter-output>
          </reporter-output>
        </test-method> <!-- tearDown -->
      </class> <!-- VeevaAssignment.AutomationTest_3.Test_2 -->
    </test> <!-- BrowserTest-2 -->
  </suite> <!-- CrossBrowserSuite -->
</testng-results>
