<?xml version="1.0" encoding="UTF-8"?>
<!-- Generated by org.testng.reporters.JUnitXMLReporter -->
<testsuite ignored="0" hostname="LAPTOP-NRFVHA71" failures="0" tests="7" name="my tests" time="9.951" errors="0" timestamp="2026-02-18T10:48:15 IST">
  <testcase classname="StartingWithTestNG.OrangeHRMTest" name="openApp" time="8.536"/>
  <testcase classname="StartingWithTestNG.OrangeHRMTest" name="findLogo" time="0.746"/>
  <testcase classname="StartingWithTestNG.OrangeHRMTest" name="login" time="0.286"/>
  <testcase classname="StartingWithTestNG.OrangeHRMTest" name="logout" time="0.281"/>
  <testcase classname="StartingWithTestNG.SampleTestNG" name="openApp" time="0.002"/>
  <testcase classname="StartingWithTestNG.SampleTestNG" name="login" time="0.002"/>
  <testcase classname="StartingWithTestNG.SampleTestNG" name="logout" time="0.002"/>
</testsuite> <!-- my tests -->
