<?xml version="1.0" encoding="UTF-8"?>
<testng-results ignored="0" total="1" passed="1" failed="0" skipped="0">
  <reporter-output>
  </reporter-output>
  <suite started-at="2026-03-01T23:59:25 IST" name="Suite" finished-at="2026-03-01T23:59:30 IST" duration-ms="4171">
    <groups>
      <group name="Master">
        <method signature="TC002_LoginTest.login()[pri:0, instance:testCases.TC002_LoginTest@14fc1f0]" name="login" class="testCases.TC002_LoginTest"/>
      </group> <!-- Master -->
      <group name="Sanity">
        <method signature="TC002_LoginTest.login()[pri:0, instance:testCases.TC002_LoginTest@14fc1f0]" name="login" class="testCases.TC002_LoginTest"/>
      </group> <!-- Sanity -->
    </groups>
    <test started-at="2026-03-01T23:59:25 IST" name="LoginTest" finished-at="2026-03-01T23:59:30 IST" duration-ms="4171">
      <class name="testCases.TC002_LoginTest">
        <test-method is-config="true" signature="setup(java.lang.String,java.lang.String)[pri:0, instance:testCases.TC002_LoginTest@14fc1f0]" started-at="2026-03-01T23:59:26 IST" name="setup" finished-at="2026-03-01T23:59:28 IST" duration-ms="2666" status="PASS">
          <params>
            <param index="0">
              <value>
                <![CDATA[chrome]]>
              </value>
            </param>
            <param index="1">
              <value>
                <![CDATA[windows]]>
              </value>
            </param>
          </params>
          <reporter-output>
          </reporter-output>
        </test-method> <!-- setup -->
        <test-method signature="login()[pri:0, instance:testCases.TC002_LoginTest@14fc1f0]" started-at="2026-03-01T23:59:28 IST" name="login" finished-at="2026-03-01T23:59:30 IST" duration-ms="1329" status="PASS">
          <reporter-output>
          </reporter-output>
        </test-method> <!-- login -->
        <test-method is-config="true" signature="tearDown()[pri:0, instance:testCases.TC002_LoginTest@14fc1f0]" started-at="2026-03-01T23:59:30 IST" name="tearDown" finished-at="2026-03-01T23:59:30 IST" duration-ms="141" status="PASS">
          <reporter-output>
          </reporter-output>
        </test-method> <!-- tearDown -->
      </class> <!-- testCases.TC002_LoginTest -->
    </test> <!-- LoginTest -->
  </suite> <!-- Suite -->
</testng-results>
